2021-04-18 10:28:45,818 - __main__ - [INFO] - Starting Spark Context
2021-04-18 10:30:50,957 - __main__ - [INFO] - Starting Spark Context
2021-04-18 10:31:12,372 - __main__ - [INFO] - Starting Spark Context
2021-04-18 10:31:38,517 - __main__ - [INFO] - Starting Spark Context
2021-04-18 10:33:32,703 - __main__ - [INFO] - Starting Spark Context
2021-04-18 10:34:55,052 - __main__ - [INFO] - Starting Spark Context
2021-04-18 10:35:42,396 - __main__ - [INFO] - Pipeline created ...
2021-04-18 10:35:42,396 - __main__ - [INFO] - Starts grid search ...
2021-04-18 10:36:37,823 - __main__ - [INFO] - Starting Spark Context
2021-04-18 10:37:24,676 - __main__ - [INFO] - Pipeline created ...
2021-04-18 10:37:24,676 - __main__ - [INFO] - Starts grid search ...
2021-04-18 10:38:18,666 - __main__ - [INFO] - Starting Spark Context
2021-04-18 10:39:07,092 - __main__ - [INFO] - Pipeline created ...
2021-04-18 10:39:07,093 - __main__ - [INFO] - Starts grid search ...
2021-04-18 10:39:53,219 - __main__ - [INFO] - Starting Spark Context
2021-04-18 10:40:41,533 - __main__ - [INFO] - Pipeline created ...
2021-04-18 10:40:41,534 - __main__ - [INFO] - Starts grid search ...
2021-04-18 11:57:45,656 - __main__ - [INFO] - Starting Spark Context
2021-04-18 12:05:10,052 - __main__ - [INFO] - Starting Spark Context
2021-04-18 12:06:28,521 - __main__ - [INFO] - Starting Spark Context
2021-04-18 11:09:47,697 - __main__ - [INFO] - Starting Spark Context
2021-04-18 11:11:39,877 - __main__ - [INFO] - Starting Spark Context
2021-04-18 11:12:02,383 - __main__ - [INFO] - Pipeline created ...
2021-04-18 11:12:02,385 - __main__ - [INFO] - Transforms the text into tf idf RDD ...
2021-04-18 11:13:59,169 - __main__ - [INFO] - Starting Spark Context
2021-04-18 11:14:25,731 - __main__ - [INFO] - Pipeline created ...
2021-04-18 11:14:25,733 - __main__ - [INFO] - Transforms the text into tf idf RDD ...
2021-04-18 11:16:01,444 - __main__ - [INFO] - Starts grid search ...
2021-04-18 11:20:35,476 - __main__ - [INFO] - Starting Spark Context
2021-04-18 11:21:14,100 - __main__ - [INFO] - Starting Spark Context
2021-04-18 11:22:46,935 - __main__ - [INFO] - Starting Spark Context
2021-04-18 11:24:59,743 - __main__ - [INFO] - Starting Spark Context
2021-04-18 11:25:25,210 - __main__ - [INFO] - Starting Spark Context
2021-04-18 11:35:50,091 - __main__ - [INFO] - Starting Spark Context
2021-04-18 11:36:06,276 - __main__ - [INFO] - Starting Spark Context
2021-04-18 11:36:31,023 - __main__ - [INFO] - Starting Spark Context
2021-04-18 11:36:44,775 - __main__ - [INFO] - Starting Spark Context
2021-04-18 11:36:53,350 - __main__ - [INFO] - Starting Spark Context
2021-04-18 11:42:27,982 - __main__ - [INFO] - Starting Spark Context
2021-04-18 11:43:22,892 - __main__ - [INFO] - Pipeline created ...
2021-04-18 11:43:22,893 - __main__ - [INFO] - Starts grid search ...
2021-04-18 11:56:29,022 - __main__ - [INFO] - Starting Spark Context
2021-04-18 11:57:21,585 - __main__ - [INFO] - Pipeline created ...
2021-04-18 11:57:21,585 - __main__ - [INFO] - Starts grid search ...
2021-04-18 12:01:23,584 - __main__ - [INFO] - Starting Spark Context
2021-04-18 12:36:54,123 - __main__ - [INFO] - Starting Spark Context
2021-04-18 12:37:45,978 - __main__ - [INFO] - Pipeline created ...
2021-04-18 12:37:45,979 - __main__ - [INFO] - Starts grid search ...
2021-04-18 13:29:49,934 - __main__ - [INFO] - Starting Spark Context
2021-04-18 13:30:34,743 - __main__ - [INFO] - Pipeline created ...
2021-04-18 13:30:34,744 - __main__ - [INFO] - Starts grid search ...
2021-04-18 14:55:33,338 - __main__ - [INFO] - Starting Spark Context
2021-04-18 14:56:03,234 - __main__ - [INFO] - Pipeline created ...
2021-04-18 14:56:03,235 - __main__ - [INFO] - Transforms the text into tf idf RDD ...
2021-04-18 14:58:56,183 - __main__ - [INFO] - Starting Spark Context
2021-04-18 14:59:06,698 - __main__ - [INFO] - Pipeline created ...
2021-04-18 14:59:06,699 - __main__ - [INFO] - Transforms the text into tf idf RDD ...
2021-04-18 15:05:43,864 - __main__ - [INFO] - Starting Spark Context
2021-04-18 15:05:54,233 - __main__ - [INFO] - Pipeline created ...
2021-04-18 15:05:54,234 - __main__ - [INFO] - Transforms the text into tf idf RDD ...
2021-04-18 15:06:25,087 - __main__ - [INFO] - Starts Training ...
2021-04-18 15:30:27,835 - __main__ - [INFO] - Starting Spark Context
2021-04-18 15:30:37,764 - __main__ - [INFO] - Pipeline created ...
2021-04-18 15:30:37,765 - __main__ - [INFO] - Transforms the text into tf idf RDD ...
2021-04-18 15:31:09,508 - __main__ - [INFO] - Starts Training ...
